#
# A fatal error has been detected by the Java Runtime Environment:
#
#  SIGSEGV (0xb) at pc=0x00000001020232b0, pid=1646, tid=14599
#
# JRE version: Java(TM) SE Runtime Environment (8.0_25-b17) (build 1.8.0_25-b17)
# Java VM: Java HotSpot(TM) 64-Bit Server VM (25.25-b02 mixed mode bsd-amd64 compressed oops)
# Problematic frame:
# V  [libjvm.dylib+0x4232b0]
#
# Failed to write core dump. Core dumps have been disabled. To enable core dumping, try "ulimit -c unlimited" before starting Java again
#
# If you would like to submit a bug report, please visit:
#   http://bugreport.sun.com/bugreport/crash.jsp
#

---------------  T H R E A D  ---------------

Current thread (0x00007fe436827800):  JavaThread "JDWP Transport Listener: dt_socket" daemon [_thread_in_vm, id=14599, stack(0x00007000014e6000,0x00007000015e6000)]

siginfo: si_signo: 11 (SIGSEGV), si_code: 0 (unknown), si_addr: 0x0000000000000000

Registers:
RAX=0x0000000000000001, RBX=0x00007000015e5a8b, RCX=0x00000001023d6c80, RDX=0x00007000015e5a8b
RSP=0x00007000015e59d0, RBP=0x00007000015e59e0, RSI=0x00007fe436827800, RDI=0x1000000000000000
R8 =0x0000000000000003, R9 =0x0000000000000000, R10=0x000007fe434d1679, R11=0x0000000000000004
R12=0x00007fe436827800, R13=0x1000000000000000, R14=0x1000000000000000, R15=0x00007fe435a01e60
RIP=0x00000001020232b0, EFLAGS=0x0000000000010206, ERR=0x0000000000000000
  TRAPNO=0x000000000000000d

Top of Stack: (sp=0x00007000015e59d0)
0x00007000015e59d0:   00007000015e5a8b 00007000015e5a8b
0x00007000015e59e0:   00007000015e5a40 0000000101f3526e
0x00007000015e59f0:   00007fe436827800 0000000000000000
0x00007000015e5a00:   0000000000000000 0000000000000000
0x00007000015e5a10:   00007fe436827800 00007fe436827800
0x00007000015e5a20:   00007000015e5a8b 00007000015e5a90
0x00007000015e5a30:   1000000000000000 0000000000000008
0x00007000015e5a40:   00007000015e5a60 0000000100a8a7dc
0x00007000015e5a50:   0000000000000001 00007000015e5b08
0x00007000015e5a60:   00007000015e5ad0 0000000100a6f263
0x00007000015e5a70:   00007000015e5aa0 00007fe434d009c0
0x00007000015e5a80:   0000000900000032 0000000a005e5b08
0x00007000015e5a90:   0000000000000000 0000000000000000
0x00007000015e5aa0:   0000000000000000 00007000015e5c90
0x00007000015e5ab0:   0000000100a91eca 00007fe434d24f30
0x00007000015e5ac0:   00007000015e5b08 0000000100a9d588
0x00007000015e5ad0:   00007000015e5ae0 0000000100a6f35c
0x00007000015e5ae0:   00007000015e5d00 0000000100a788f6
0x00007000015e5af0:   00000f1600000013 00000000000f0200
0x00007000015e5b00:   00007fe434d24450 00007fe434d16a0d
0x00007000015e5b10:   000000000000001b 00007fe434d25080
0x00007000015e5b20:   000001000000012c 00007000015e5b58
0x00007000015e5b30:   00007fe434d25080 00007f0000000000
0x00007000015e5b40:   00000f1600000093 00007fe40000b980
0x00007000015e5b50:   00007000015e5b58 e47f000009000000
0x00007000015e5b60:   0c000000e064a235 656c706d69536f74
0x00007000015e5b70:   26000000656d614e 6c2f6176616a4c28
0x00007000015e5b80:   697274532f676e61 76616a4c293b676e
0x00007000015e5b90:   532f676e616c2f61 00003b676e697274
0x00007000015e5ba0:   00000a0000000000 000058769035e47f
0x00007000015e5bb0:   3e74696e693c0600 0056292803000000
0x00007000015e5bc0:   0001000000000000 0070769035e47f00 

Instructions: (pc=0x00000001020232b0)
0x0000000102023290:   40 48 48 85 c0 75 e0 30 c0 0f b6 c0 5d c3 31 c0
0x00000001020232a0:   5d c3 55 48 89 e5 53 48 83 ec 08 48 85 ff 74 24
0x00000001020232b0:   48 8b 1f 48 85 db 74 1c 48 83 fb 37 74 16 48 8b
0x00000001020232c0:   03 48 89 df ff 50 10 84 c0 b8 00 00 00 00 48 0f 

Register to memory mapping:

RAX=0x0000000000000001 is an unknown value
RBX=0x00007000015e5a8b is pointing into the stack for thread: 0x00007fe436827800
RCX=0x00000001023d6c80: UseMembar+0 in /Library/Java/JavaVirtualMachines/jdk1.8.0_25.jdk/Contents/Home/jre/lib/server/libjvm.dylib at 0x0000000101c00000
RDX=0x00007000015e5a8b is pointing into the stack for thread: 0x00007fe436827800
RSP=0x00007000015e59d0 is pointing into the stack for thread: 0x00007fe436827800
RBP=0x00007000015e59e0 is pointing into the stack for thread: 0x00007fe436827800
RSI=0x00007fe436827800 is a thread
RDI=0x1000000000000000 is an unknown value
R8 =0x0000000000000003 is an unknown value
R9 =0x0000000000000000 is an unknown value
R10=0x000007fe434d1679 is an unknown value
R11=0x0000000000000004 is an unknown value
R12=0x00007fe436827800 is a thread
R13=0x1000000000000000 is an unknown value
R14=0x1000000000000000 is an unknown value
R15=0x00007fe435a01e60 is an unknown value


Stack: [0x00007000014e6000,0x00007000015e6000],  sp=0x00007000015e59d0,  free space=1022k
Native frames: (J=compiled Java code, j=interpreted, Vv=VM code, C=native code)
V  [libjvm.dylib+0x4232b0]
V  [libjvm.dylib+0x33526e]
C  [libjdwp.dylib+0x207dc]  isMethodSynthetic+0x63
C  [libjdwp.dylib+0x5263]  methods1+0x10b
C  [libjdwp.dylib+0x535c]  methodsWithGeneric+0xe
C  [libjdwp.dylib+0xe8f6]  debugLoop_run+0x1ce
C  [libjdwp.dylib+0x1f716]  attachThread+0x4d
V  [libjvm.dylib+0x3762ce]
V  [libjvm.dylib+0x535ed9]
V  [libjvm.dylib+0x53761c]
V  [libjvm.dylib+0x45d87e]
C  [libsystem_pthread.dylib+0x36c1]  _pthread_body+0x154
C  [libsystem_pthread.dylib+0x356d]  _pthread_body+0x0
C  [libsystem_pthread.dylib+0x2c5d]  thread_start+0xd
C  0x0000000000000000


---------------  P R O C E S S  ---------------

Java Threads: ( => current thread )
  0x00007fe438821000 JavaThread "Service Thread" daemon [_thread_blocked, id=22019, stack(0x0000700001bfb000,0x0000700001cfb000)]
  0x00007fe43700e000 JavaThread "C1 CompilerThread3" daemon [_thread_blocked, id=43267, stack(0x0000700001af8000,0x0000700001bf8000)]
  0x00007fe43704b000 JavaThread "C2 CompilerThread2" daemon [_thread_blocked, id=15363, stack(0x00007000019f5000,0x0000700001af5000)]
  0x00007fe438800000 JavaThread "C2 CompilerThread1" daemon [_thread_blocked, id=15107, stack(0x00007000018f2000,0x00007000019f2000)]
  0x00007fe43682b800 JavaThread "C2 CompilerThread0" daemon [_thread_blocked, id=16131, stack(0x00007000017ef000,0x00007000018ef000)]
  0x00007fe435017000 JavaThread "JDWP Command Reader" daemon [_thread_in_native, id=14851, stack(0x00007000016ec000,0x00007000017ec000)]
  0x00007fe436829800 JavaThread "JDWP Event Helper Thread" daemon [_thread_blocked, id=16899, stack(0x00007000015e9000,0x00007000016e9000)]
=>0x00007fe436827800 JavaThread "JDWP Transport Listener: dt_socket" daemon [_thread_in_vm, id=14599, stack(0x00007000014e6000,0x00007000015e6000)]
  0x00007fe436827000 JavaThread "Signal Dispatcher" daemon [_thread_blocked, id=17419, stack(0x00007000013e3000,0x00007000014e3000)]
  0x00007fe438000000 JavaThread "Finalizer" daemon [_thread_blocked, id=18947, stack(0x00007000012e0000,0x00007000013e0000)]
  0x00007fe43704a000 JavaThread "Reference Handler" daemon [_thread_blocked, id=19203, stack(0x00007000011dd000,0x00007000012dd000)]
  0x00007fe437003000 JavaThread "main" [_thread_blocked, id=6403, stack(0x00007000007bf000,0x00007000008bf000)]

Other Threads:
  0x00007fe435023000 VMThread [stack: 0x00007000010da000,0x00007000011da000] [id=11779]
  0x00007fe438821800 WatcherThread [stack: 0x0000700001cfe000,0x0000700001dfe000] [id=22275]

VM state:not at safepoint (normal execution)

VM Mutex/Monitor currently owned by a thread: None

Heap:
 PSYoungGen      total 76288K, used 6553K [0x000000076ab00000, 0x0000000770000000, 0x00000007c0000000)
  eden space 65536K, 10% used [0x000000076ab00000,0x000000076b1667a8,0x000000076eb00000)
  from space 10752K, 0% used [0x000000076f580000,0x000000076f580000,0x0000000770000000)
  to   space 10752K, 0% used [0x000000076eb00000,0x000000076eb00000,0x000000076f580000)
 ParOldGen       total 175104K, used 0K [0x00000006c0000000, 0x00000006cab00000, 0x000000076ab00000)
  object space 175104K, 0% used [0x00000006c0000000,0x00000006c0000000,0x00000006cab00000)
 Metaspace       used 4736K, capacity 4844K, committed 4992K, reserved 1056768K
  class space    used 520K, capacity 528K, committed 640K, reserved 1048576K

Card table byte_map: [0x0000000102edc000,0x00000001036dd000] byte_map_base: 0x00000000ff8dc000

Marking Bits: (ParMarkBitMap*) 0x000000010249d390
 Begin Bits: [0x0000000103c33000, 0x0000000107c33000)
 End Bits:   [0x0000000107c33000, 0x000000010bc33000)

Polling page: 0x0000000100a69000

CodeCache: size=245760Kb used=1311Kb max_used=1311Kb free=244448Kb
 bounds [0x000000010f08d000, 0x000000010f2fd000, 0x000000011e08d000]
 total_blobs=367 nmethods=115 adapters=175
 compilation: enabled

Compilation events (10 events):
Event: 0.189 Thread 0x00007fe43700e000  110       3       sun.misc.ProxyGenerator$ConstantPool::getValue (91 bytes)
Event: 0.189 Thread 0x00007fe43700e000 nmethod 110 0x000000010f1d1e50 code [0x000000010f1d20e0, 0x000000010f1d3278]
Event: 0.190 Thread 0x00007fe43700e000  112       3       sun.misc.ProxyGenerator$ConstantPool$IndirectEntry::hashCode (15 bytes)
Event: 0.190 Thread 0x00007fe43700e000 nmethod 112 0x000000010f1d3b90 code [0x000000010f1d3ce0, 0x000000010f1d3e50]
Event: 0.190 Thread 0x00007fe43700e000  111       3       sun.misc.ProxyGenerator$ConstantPool$Entry::<init> (5 bytes)
Event: 0.190 Thread 0x00007fe43700e000 nmethod 111 0x000000010f1d3ed0 code [0x000000010f1d4040, 0x000000010f1d41f0]
Event: 0.190 Thread 0x00007fe43700e000  115       3       java.io.DataOutputStream::writeShort (35 bytes)
Event: 0.190 Thread 0x00007fe43700e000 nmethod 115 0x000000010f1d4290 code [0x000000010f1d4420, 0x000000010f1d47d8]
Event: 0.190 Thread 0x00007fe43700e000  114  s    3       java.io.DataOutputStream::write (14 bytes)
Event: 0.190 Thread 0x00007fe43700e000 nmethod 114 0x000000010f1d4910 code [0x000000010f1d4aa0, 0x000000010f1d4ee8]

GC Heap History (0 events):
No events

Deoptimization events (0 events):
No events

Internal exceptions (10 events):
Event: 0.128 Thread 0x00007fe437003000 Exception <a 'java/security/PrivilegedActionException'> (0x000000076abb3280) thrown at [/HUDSON3/workspace/8-2-build-macosx-x86_64/jdk8u25/1514/hotspot/src/share/vm/prims/jvm.cpp, line 1312]
Event: 0.135 Thread 0x00007fe437003000 Exception <a 'java/security/PrivilegedActionException'> (0x000000076abca080) thrown at [/HUDSON3/workspace/8-2-build-macosx-x86_64/jdk8u25/1514/hotspot/src/share/vm/prims/jvm.cpp, line 1312]
Event: 0.140 Thread 0x00007fe437003000 Exception <a 'java/security/PrivilegedActionException'> (0x000000076abe6928) thrown at [/HUDSON3/workspace/8-2-build-macosx-x86_64/jdk8u25/1514/hotspot/src/share/vm/prims/jvm.cpp, line 1312]
Event: 0.143 Thread 0x00007fe437003000 Exception <a 'java/security/PrivilegedActionException'> (0x000000076ac2a4e0) thrown at [/HUDSON3/workspace/8-2-build-macosx-x86_64/jdk8u25/1514/hotspot/src/share/vm/prims/jvm.cpp, line 1312]
Event: 0.143 Thread 0x00007fe437003000 Exception <a 'java/security/PrivilegedActionException'> (0x000000076ac2c768) thrown at [/HUDSON3/workspace/8-2-build-macosx-x86_64/jdk8u25/1514/hotspot/src/share/vm/prims/jvm.cpp, line 1312]
Event: 0.143 Thread 0x00007fe437003000 Exception <a 'java/security/PrivilegedActionException'> (0x000000076ac2f8f0) thrown at [/HUDSON3/workspace/8-2-build-macosx-x86_64/jdk8u25/1514/hotspot/src/share/vm/prims/jvm.cpp, line 1312]
Event: 0.145 Thread 0x00007fe437003000 Exception <a 'java/security/PrivilegedActionException'> (0x000000076ac35838) thrown at [/HUDSON3/workspace/8-2-build-macosx-x86_64/jdk8u25/1514/hotspot/src/share/vm/prims/jvm.cpp, line 1312]
Event: 0.149 Thread 0x00007fe437003000 Exception <a 'java/security/PrivilegedActionException'> (0x000000076ac3d860) thrown at [/HUDSON3/workspace/8-2-build-macosx-x86_64/jdk8u25/1514/hotspot/src/share/vm/prims/jvm.cpp, line 1312]
Event: 0.178 Thread 0x00007fe437003000 Exception <a 'java/security/PrivilegedActionException'> (0x000000076b050c00) thrown at [/HUDSON3/workspace/8-2-build-macosx-x86_64/jdk8u25/1514/hotspot/src/share/vm/prims/jvm.cpp, line 1312]
Event: 0.179 Thread 0x00007fe437003000 Exception <a 'java/security/PrivilegedActionException'> (0x000000076b05c1d8) thrown at [/HUDSON3/workspace/8-2-build-macosx-x86_64/jdk8u25/1514/hotspot/src/share/vm/prims/jvm.cpp, line 1312]

Events (10 events):
Event: 53.442 Executing VM operation: GetCurrentLocation
Event: 53.442 Executing VM operation: GetCurrentLocation done
Event: 53.442 Executing VM operation: EnterInterpOnlyMode
Event: 53.442 Executing VM operation: EnterInterpOnlyMode done
Event: 53.442 Executing VM operation: ChangeSingleStep
Event: 53.442 Executing VM operation: ChangeSingleStep done
Event: 53.442 Executing VM operation: ChangeSingleStep
Event: 53.442 Executing VM operation: ChangeSingleStep done
Event: 53.445 Executing VM operation: RedefineClasses
Event: 53.445 Executing VM operation: RedefineClasses done


Dynamic libraries:
0x000000001e2aa000 	/System/Library/Frameworks/Cocoa.framework/Versions/A/Cocoa
0x000000001e2aa000 	/System/Library/Frameworks/Security.framework/Versions/A/Security
0x000000001e2aa000 	/System/Library/Frameworks/ApplicationServices.framework/Versions/A/ApplicationServices
0x000000001e2aa000 	/usr/lib/libz.1.dylib
0x000000001e2aa000 	/usr/lib/libSystem.B.dylib
0x000000001e2aa000 	/usr/lib/libobjc.A.dylib
0x000000001e2aa000 	/System/Library/Frameworks/CoreFoundation.framework/Versions/A/CoreFoundation
0x000000001e2aa000 	/System/Library/Frameworks/Foundation.framework/Versions/C/Foundation
0x000000001e2aa000 	/System/Library/Frameworks/AppKit.framework/Versions/C/AppKit
0x000000001e2aa000 	/System/Library/Frameworks/CoreData.framework/Versions/A/CoreData
0x000000001e2aa000 	/System/Library/PrivateFrameworks/RemoteViewServices.framework/Versions/A/RemoteViewServices
0x000000001e2aa000 	/System/Library/PrivateFrameworks/UIFoundation.framework/Versions/A/UIFoundation
0x000000001e2aa000 	/System/Library/PrivateFrameworks/DFRFoundation.framework/Versions/A/DFRFoundation
0x000000001e2aa000 	/System/Library/Frameworks/Metal.framework/Versions/A/Metal
0x000000001e2aa000 	/System/Library/PrivateFrameworks/DesktopServicesPriv.framework/Versions/A/DesktopServicesPriv
0x000000001e2aa000 	/usr/lib/libenergytrace.dylib
0x000000001e2aa000 	/System/Library/PrivateFrameworks/SkyLight.framework/Versions/A/SkyLight
0x000000001e2aa000 	/System/Library/Frameworks/CoreGraphics.framework/Versions/A/CoreGraphics
0x000000001e2aa000 	/usr/lib/libScreenReader.dylib
0x000000001e2aa000 	/System/Library/Frameworks/Accelerate.framework/Versions/A/Accelerate
0x000000001e2aa000 	/System/Library/Frameworks/IOSurface.framework/Versions/A/IOSurface
0x000000001e2aa000 	/System/Library/Frameworks/AudioToolbox.framework/Versions/A/AudioToolbox
0x000000001e2aa000 	/System/Library/Frameworks/AudioUnit.framework/Versions/A/AudioUnit
0x000000001e2aa000 	/System/Library/PrivateFrameworks/DataDetectorsCore.framework/Versions/A/DataDetectorsCore
0x000000001e2aa000 	/System/Library/Frameworks/Carbon.framework/Versions/A/Frameworks/HIToolbox.framework/Versions/A/HIToolbox
0x000000001e2aa000 	/usr/lib/libicucore.A.dylib
0x000000001e2aa000 	/System/Library/Frameworks/QuartzCore.framework/Versions/A/QuartzCore
0x000000001e2aa000 	/System/Library/Frameworks/Carbon.framework/Versions/A/Frameworks/SpeechRecognition.framework/Versions/A/SpeechRecognition
0x000000001e2aa000 	/usr/lib/libauto.dylib
0x000000001e2aa000 	/usr/lib/libxml2.2.dylib
0x000000001e2aa000 	/System/Library/PrivateFrameworks/CoreUI.framework/Versions/A/CoreUI
0x000000001e2aa000 	/System/Library/Frameworks/CoreAudio.framework/Versions/A/CoreAudio
0x000000001e2aa000 	/System/Library/Frameworks/DiskArbitration.framework/Versions/A/DiskArbitration
0x000000001e2aa000 	/usr/lib/liblangid.dylib
0x000000001e2aa000 	/System/Library/PrivateFrameworks/MultitouchSupport.framework/Versions/A/MultitouchSupport
0x000000001e2aa000 	/System/Library/Frameworks/IOKit.framework/Versions/A/IOKit
0x000000001e2aa000 	/usr/lib/libDiagnosticMessagesClient.dylib
0x000000001e2aa000 	/System/Library/Frameworks/CoreServices.framework/Versions/A/CoreServices
0x000000001e2aa000 	/System/Library/PrivateFrameworks/PerformanceAnalysis.framework/Versions/A/PerformanceAnalysis
0x000000001e2aa000 	/System/Library/Frameworks/OpenGL.framework/Versions/A/OpenGL
0x000000001e2aa000 	/System/Library/Frameworks/ColorSync.framework/Versions/A/ColorSync
0x000000001e2aa000 	/System/Library/Frameworks/CoreImage.framework/Versions/A/CoreImage
0x000000001e2aa000 	/System/Library/Frameworks/CoreText.framework/Versions/A/CoreText
0x000000001e2aa000 	/System/Library/Frameworks/ImageIO.framework/Versions/A/ImageIO
0x000000001e2aa000 	/System/Library/PrivateFrameworks/Backup.framework/Versions/A/Backup
0x000000001e2aa000 	/usr/lib/libarchive.2.dylib
0x000000001e2aa000 	/System/Library/Frameworks/CFNetwork.framework/Versions/A/CFNetwork
0x000000001e2aa000 	/System/Library/Frameworks/SystemConfiguration.framework/Versions/A/SystemConfiguration
0x000000001e2aa000 	/usr/lib/libCRFSuite.dylib
0x000000001e2aa000 	/usr/lib/libc++.1.dylib
0x000000001e2aa000 	/usr/lib/libc++abi.dylib
0x000000001e2aa000 	/usr/lib/system/libcache.dylib
0x000000001e2aa000 	/usr/lib/system/libcommonCrypto.dylib
0x000000001e2aa000 	/usr/lib/system/libcompiler_rt.dylib
0x000000001e2aa000 	/usr/lib/system/libcopyfile.dylib
0x000000001e2aa000 	/usr/lib/system/libcorecrypto.dylib
0x000000001e2aa000 	/usr/lib/system/libdispatch.dylib
0x000000001e2aa000 	/usr/lib/system/libdyld.dylib
0x000000001e2aa000 	/usr/lib/system/libkeymgr.dylib
0x000000001e2aa000 	/usr/lib/system/liblaunch.dylib
0x000000001e2aa000 	/usr/lib/system/libmacho.dylib
0x000000001e2aa000 	/usr/lib/system/libquarantine.dylib
0x000000001e2aa000 	/usr/lib/system/libremovefile.dylib
0x000000001e2aa000 	/usr/lib/system/libsystem_asl.dylib
0x000000001e2aa000 	/usr/lib/system/libsystem_blocks.dylib
0x000000001e2aa000 	/usr/lib/system/libsystem_c.dylib
0x000000001e2aa000 	/usr/lib/system/libsystem_configuration.dylib
0x000000001e2aa000 	/usr/lib/system/libsystem_coreservices.dylib
0x000000001e2aa000 	/usr/lib/system/libsystem_darwin.dylib
0x000000001e2aa000 	/usr/lib/system/libsystem_dnssd.dylib
0x000000001e2aa000 	/usr/lib/system/libsystem_info.dylib
0x000000001e2aa000 	/usr/lib/system/libsystem_m.dylib
0x000000001e2aa000 	/usr/lib/system/libsystem_malloc.dylib
0x000000001e2aa000 	/usr/lib/system/libsystem_network.dylib
0x000000001e2aa000 	/usr/lib/system/libsystem_networkextension.dylib
0x000000001e2aa000 	/usr/lib/system/libsystem_notify.dylib
0x000000001e2aa000 	/usr/lib/system/libsystem_sandbox.dylib
0x000000001e2aa000 	/usr/lib/system/libsystem_secinit.dylib
0x000000001e2aa000 	/usr/lib/system/libsystem_kernel.dylib
0x000000001e2aa000 	/usr/lib/system/libsystem_platform.dylib
0x000000001e2aa000 	/usr/lib/system/libsystem_pthread.dylib
0x000000001e2aa000 	/usr/lib/system/libsystem_symptoms.dylib
0x000000001e2aa000 	/usr/lib/system/libsystem_trace.dylib
0x000000001e2aa000 	/usr/lib/system/libunwind.dylib
0x000000001e2aa000 	/usr/lib/system/libxpc.dylib
0x000000001e2aa000 	/usr/lib/closure/libclosured.dylib
0x000000001e2aa000 	/usr/lib/libbsm.0.dylib
0x000000001e2aa000 	/usr/lib/system/libkxld.dylib
0x000000001e2aa000 	/usr/lib/libOpenScriptingUtil.dylib
0x000000001e2aa000 	/usr/lib/libcoretls.dylib
0x000000001e2aa000 	/usr/lib/libcoretls_cfhelpers.dylib
0x000000001e2aa000 	/usr/lib/libpam.2.dylib
0x000000001e2aa000 	/usr/lib/libsqlite3.dylib
0x000000001e2aa000 	/usr/lib/libxar.1.dylib
0x000000001e2aa000 	/usr/lib/libbz2.1.0.dylib
0x000000001e2aa000 	/usr/lib/liblzma.5.dylib
0x000000001e2aa000 	/usr/lib/libnetwork.dylib
0x000000001e2aa000 	/usr/lib/libapple_nghttp2.dylib
0x000000001e2aa000 	/usr/lib/libpcap.A.dylib
0x000000001e2aa000 	/usr/lib/libboringssl.dylib
0x000000001e2aa000 	/usr/lib/libusrtcp.dylib
0x000000001e2aa000 	/usr/lib/libapple_crypto.dylib
0x000000001e2aa000 	/System/Library/Frameworks/CoreServices.framework/Versions/A/Frameworks/FSEvents.framework/Versions/A/FSEvents
0x000000001e2aa000 	/System/Library/Frameworks/CoreServices.framework/Versions/A/Frameworks/CarbonCore.framework/Versions/A/CarbonCore
0x000000001e2aa000 	/System/Library/Frameworks/CoreServices.framework/Versions/A/Frameworks/Metadata.framework/Versions/A/Metadata
0x000000001e2aa000 	/System/Library/Frameworks/CoreServices.framework/Versions/A/Frameworks/OSServices.framework/Versions/A/OSServices
0x000000001e2aa000 	/System/Library/Frameworks/CoreServices.framework/Versions/A/Frameworks/SearchKit.framework/Versions/A/SearchKit
0x000000001e2aa000 	/System/Library/Frameworks/CoreServices.framework/Versions/A/Frameworks/AE.framework/Versions/A/AE
0x000000001e2aa000 	/System/Library/Frameworks/CoreServices.framework/Versions/A/Frameworks/LaunchServices.framework/Versions/A/LaunchServices
0x000000001e2aa000 	/System/Library/Frameworks/CoreServices.framework/Versions/A/Frameworks/DictionaryServices.framework/Versions/A/DictionaryServices
0x000000001e2aa000 	/System/Library/Frameworks/CoreServices.framework/Versions/A/Frameworks/SharedFileList.framework/Versions/A/SharedFileList
0x000000001e2aa000 	/System/Library/Frameworks/NetFS.framework/Versions/A/NetFS
0x000000001e2aa000 	/System/Library/PrivateFrameworks/NetAuth.framework/Versions/A/NetAuth
0x000000001e2aa000 	/System/Library/PrivateFrameworks/login.framework/Versions/A/Frameworks/loginsupport.framework/Versions/A/loginsupport
0x000000001e2aa000 	/System/Library/PrivateFrameworks/TCC.framework/Versions/A/TCC
0x000000001e2aa000 	/usr/lib/libmecabra.dylib
0x000000001e2aa000 	/System/Library/Frameworks/ApplicationServices.framework/Versions/A/Frameworks/ATS.framework/Versions/A/ATS
0x000000001e2aa000 	/System/Library/Frameworks/ApplicationServices.framework/Versions/A/Frameworks/ColorSyncLegacy.framework/Versions/A/ColorSyncLegacy
0x000000001e2aa000 	/System/Library/Frameworks/ApplicationServices.framework/Versions/A/Frameworks/HIServices.framework/Versions/A/HIServices
0x000000001e2aa000 	/System/Library/Frameworks/ApplicationServices.framework/Versions/A/Frameworks/LangAnalysis.framework/Versions/A/LangAnalysis
0x000000001e2aa000 	/System/Library/Frameworks/ApplicationServices.framework/Versions/A/Frameworks/PrintCore.framework/Versions/A/PrintCore
0x000000001e2aa000 	/System/Library/Frameworks/ApplicationServices.framework/Versions/A/Frameworks/QD.framework/Versions/A/QD
0x000000001e2aa000 	/System/Library/Frameworks/ApplicationServices.framework/Versions/A/Frameworks/SpeechSynthesis.framework/Versions/A/SpeechSynthesis
0x000000001e2aa000 	/System/Library/Frameworks/CoreDisplay.framework/Versions/A/CoreDisplay
0x000000001e2aa000 	/System/Library/Frameworks/Accelerate.framework/Versions/A/Frameworks/vImage.framework/Versions/A/vImage
0x000000001e2aa000 	/System/Library/Frameworks/Accelerate.framework/Versions/A/Frameworks/vecLib.framework/Versions/A/vecLib
0x000000001e2aa000 	/System/Library/Frameworks/Accelerate.framework/Versions/A/Frameworks/vecLib.framework/Versions/A/libvDSP.dylib
0x000000001e2aa000 	/System/Library/Frameworks/Accelerate.framework/Versions/A/Frameworks/vecLib.framework/Versions/A/libBNNS.dylib
0x000000001e2aa000 	/System/Library/Frameworks/Accelerate.framework/Versions/A/Frameworks/vecLib.framework/Versions/A/libQuadrature.dylib
0x000000001e2aa000 	/System/Library/Frameworks/Accelerate.framework/Versions/A/Frameworks/vecLib.framework/Versions/A/libvMisc.dylib
0x000000001e2aa000 	/System/Library/Frameworks/Accelerate.framework/Versions/A/Frameworks/vecLib.framework/Versions/A/libLAPACK.dylib
0x000000001e2aa000 	/System/Library/Frameworks/Accelerate.framework/Versions/A/Frameworks/vecLib.framework/Versions/A/libBLAS.dylib
0x000000001e2aa000 	/System/Library/Frameworks/Accelerate.framework/Versions/A/Frameworks/vecLib.framework/Versions/A/libLinearAlgebra.dylib
0x000000001e2aa000 	/System/Library/Frameworks/Accelerate.framework/Versions/A/Frameworks/vecLib.framework/Versions/A/libSparse.dylib
0x000000001e2aa000 	/System/Library/Frameworks/Accelerate.framework/Versions/A/Frameworks/vecLib.framework/Versions/A/libSparseBLAS.dylib
0x000000001e2aa000 	/System/Library/PrivateFrameworks/IOAccelerator.framework/Versions/A/IOAccelerator
0x000000001e2aa000 	/System/Library/PrivateFrameworks/IOPresentment.framework/Versions/A/IOPresentment
0x000000001e2aa000 	/System/Library/PrivateFrameworks/DSExternalDisplay.framework/Versions/A/DSExternalDisplay
0x000000001e2aa000 	/System/Library/Frameworks/OpenGL.framework/Versions/A/Libraries/libCoreFSCache.dylib
0x000000001e2aa000 	/System/Library/Frameworks/CoreVideo.framework/Versions/A/CoreVideo
0x000000001e2aa000 	/System/Library/PrivateFrameworks/GraphVisualizer.framework/Versions/A/GraphVisualizer
0x000000001e2aa000 	/System/Library/Frameworks/MetalPerformanceShaders.framework/Versions/A/MetalPerformanceShaders
0x000000001e2aa000 	/usr/lib/libFosl_dynamic.dylib
0x000000001e2aa000 	/System/Library/PrivateFrameworks/FaceCore.framework/Versions/A/FaceCore
0x000000001e2aa000 	/System/Library/Frameworks/OpenCL.framework/Versions/A/OpenCL
0x000000001e2aa000 	/usr/lib/libcompression.dylib
0x000000001e2aa000 	/System/Library/Frameworks/ApplicationServices.framework/Versions/A/Frameworks/ATS.framework/Versions/A/Resources/libFontParser.dylib
0x000000001e2aa000 	/System/Library/Frameworks/ApplicationServices.framework/Versions/A/Frameworks/ATS.framework/Versions/A/Resources/libFontRegistry.dylib
0x000000001e2aa000 	/System/Library/Frameworks/ImageIO.framework/Versions/A/Resources/libJPEG.dylib
0x000000001e2aa000 	/System/Library/Frameworks/ImageIO.framework/Versions/A/Resources/libTIFF.dylib
0x000000001e2aa000 	/System/Library/Frameworks/ImageIO.framework/Versions/A/Resources/libPng.dylib
0x000000001e2aa000 	/System/Library/Frameworks/ImageIO.framework/Versions/A/Resources/libGIF.dylib
0x000000001e2aa000 	/System/Library/Frameworks/ImageIO.framework/Versions/A/Resources/libJP2.dylib
0x000000001e2aa000 	/System/Library/Frameworks/ImageIO.framework/Versions/A/Resources/libRadiance.dylib
0x000000001e2aa000 	/System/Library/PrivateFrameworks/AppleJPEG.framework/Versions/A/AppleJPEG
0x000000001e2aa000 	/System/Library/PrivateFrameworks/MetalTools.framework/Versions/A/MetalTools
0x000000001e2aa000 	/System/Library/Frameworks/MetalPerformanceShaders.framework/Frameworks/MPSCore.framework/Versions/A/MPSCore
0x000000001e2aa000 	/System/Library/Frameworks/MetalPerformanceShaders.framework/Frameworks/MPSImage.framework/Versions/A/MPSImage
0x000000001e2aa000 	/System/Library/Frameworks/MetalPerformanceShaders.framework/Frameworks/MPSMatrix.framework/Versions/A/MPSMatrix
0x000000001e2aa000 	/System/Library/Frameworks/MetalPerformanceShaders.framework/Frameworks/MPSNeuralNetwork.framework/Versions/A/MPSNeuralNetwork
0x000000001e2aa000 	/System/Library/Frameworks/OpenGL.framework/Versions/A/Libraries/libGLU.dylib
0x000000001e2aa000 	/System/Library/Frameworks/OpenGL.framework/Versions/A/Libraries/libGFXShared.dylib
0x000000001e2aa000 	/System/Library/Frameworks/OpenGL.framework/Versions/A/Libraries/libGL.dylib
0x000000001e2aa000 	/System/Library/Frameworks/OpenGL.framework/Versions/A/Libraries/libGLImage.dylib
0x000000001e2aa000 	/System/Library/Frameworks/OpenGL.framework/Versions/A/Libraries/libCVMSPluginSupport.dylib
0x000000001e2aa000 	/System/Library/Frameworks/OpenGL.framework/Versions/A/Libraries/libCoreVMClient.dylib
0x000000001e2aa000 	/usr/lib/libcups.2.dylib
0x000000001e2aa000 	/System/Library/Frameworks/Kerberos.framework/Versions/A/Kerberos
0x000000001e2aa000 	/System/Library/Frameworks/GSS.framework/Versions/A/GSS
0x000000001e2aa000 	/usr/lib/libresolv.9.dylib
0x000000001e2aa000 	/usr/lib/libiconv.2.dylib
0x000000001e2aa000 	/System/Library/PrivateFrameworks/Heimdal.framework/Versions/A/Heimdal
0x000000001e2aa000 	/usr/lib/libheimdal-asn1.dylib
0x000000001e2aa000 	/System/Library/Frameworks/OpenDirectory.framework/Versions/A/OpenDirectory
0x000000001e2aa000 	/System/Library/PrivateFrameworks/CommonAuth.framework/Versions/A/CommonAuth
0x000000001e2aa000 	/System/Library/Frameworks/OpenDirectory.framework/Versions/A/Frameworks/CFOpenDirectory.framework/Versions/A/CFOpenDirectory
0x000000001e2aa000 	/System/Library/Frameworks/SecurityFoundation.framework/Versions/A/SecurityFoundation
0x000000001e2aa000 	/System/Library/PrivateFrameworks/APFS.framework/Versions/A/APFS
0x000000001e2aa000 	/usr/lib/libutil.dylib
0x000000001e2aa000 	/System/Library/PrivateFrameworks/AppleSauce.framework/Versions/A/AppleSauce
0x000000001e2aa000 	/System/Library/PrivateFrameworks/LinguisticData.framework/Versions/A/LinguisticData
0x000000001e2aa000 	/usr/lib/libmarisa.dylib
0x000000001e2aa000 	/System/Library/PrivateFrameworks/Lexicon.framework/Versions/A/Lexicon
0x000000001e2aa000 	/usr/lib/libChineseTokenizer.dylib
0x000000001e2aa000 	/usr/lib/libcmph.dylib
0x000000001e2aa000 	/System/Library/PrivateFrameworks/LanguageModeling.framework/Versions/A/LanguageModeling
0x000000001e2aa000 	/System/Library/PrivateFrameworks/CoreEmoji.framework/Versions/A/CoreEmoji
0x000000001e2aa000 	/System/Library/Frameworks/ServiceManagement.framework/Versions/A/ServiceManagement
0x000000001e2aa000 	/System/Library/PrivateFrameworks/BackgroundTaskManagement.framework/Versions/A/BackgroundTaskManagement
0x000000001e2aa000 	/usr/lib/libxslt.1.dylib
0x000000001e2aa000 	/System/Library/Frameworks/Carbon.framework/Versions/A/Frameworks/Ink.framework/Versions/A/Ink
0x000000001e2aa000 	/System/Library/PrivateFrameworks/TextureIO.framework/Versions/A/TextureIO
0x000000001e2aa000 	/usr/lib/libate.dylib
0x000000001e2aa000 	/System/Library/PrivateFrameworks/CrashReporterSupport.framework/Versions/A/CrashReporterSupport
0x000000001e2aa000 	/System/Library/PrivateFrameworks/Sharing.framework/Versions/A/Sharing
0x000000001e2aa000 	/System/Library/PrivateFrameworks/IconServices.framework/Versions/A/IconServices
0x000000001e2aa000 	/System/Library/PrivateFrameworks/ProtocolBuffer.framework/Versions/A/ProtocolBuffer
0x000000001e2aa000 	/System/Library/PrivateFrameworks/Apple80211.framework/Versions/A/Apple80211
0x000000001e2aa000 	/System/Library/Frameworks/CoreWLAN.framework/Versions/A/CoreWLAN
0x000000001e2aa000 	/System/Library/PrivateFrameworks/CoreUtils.framework/Versions/A/CoreUtils
0x000000001e2aa000 	/System/Library/Frameworks/IOBluetooth.framework/Versions/A/IOBluetooth
0x000000001e2aa000 	/System/Library/PrivateFrameworks/CoreWiFi.framework/Versions/A/CoreWiFi
0x000000001e2aa000 	/System/Library/Frameworks/CoreBluetooth.framework/Versions/A/CoreBluetooth
0x000000001e2aa000 	/System/Library/PrivateFrameworks/SignpostNotification.framework/Versions/A/SignpostNotification
0x000000001e2aa000 	/System/Library/PrivateFrameworks/DebugSymbols.framework/Versions/A/DebugSymbols
0x000000001e2aa000 	/System/Library/PrivateFrameworks/CoreSymbolication.framework/Versions/A/CoreSymbolication
0x000000001e2aa000 	/System/Library/PrivateFrameworks/Symbolication.framework/Versions/A/Symbolication
0x000000001e2aa000 	/System/Library/PrivateFrameworks/AppleFSCompression.framework/Versions/A/AppleFSCompression
0x000000001e2aa000 	/System/Library/PrivateFrameworks/SpeechRecognitionCore.framework/Versions/A/SpeechRecognitionCore
0x0000000101c00000 	/Library/Java/JavaVirtualMachines/jdk1.8.0_25.jdk/Contents/Home/jre/lib/server/libjvm.dylib
0x000000001e2aa000 	/usr/lib/libstdc++.6.0.9.dylib
0x0000000100a27000 	/Library/Java/JavaVirtualMachines/jdk1.8.0_25.jdk/Contents/Home/jre/lib/libverify.dylib
0x0000000100a35000 	/Library/Java/JavaVirtualMachines/jdk1.8.0_25.jdk/Contents/Home/jre/lib/libjava.dylib
0x0000000100a6a000 	/Library/Java/JavaVirtualMachines/jdk1.8.0_25.jdk/Contents/Home/jre/lib/libjdwp.dylib
0x0000000100ab5000 	/Library/Java/JavaVirtualMachines/jdk1.8.0_25.jdk/Contents/Home/jre/lib/libnpt.dylib
0x0000000100b02000 	/Library/Java/JavaVirtualMachines/jdk1.8.0_25.jdk/Contents/Home/jre/lib/libzip.dylib
0x000000001e2aa000 	/System/Library/Frameworks/JavaVM.framework/Versions/A/Frameworks/JavaRuntimeSupport.framework/Versions/A/JavaRuntimeSupport
0x000000001e2aa000 	/System/Library/Frameworks/JavaVM.framework/Versions/A/Frameworks/JavaNativeFoundation.framework/Versions/A/JavaNativeFoundation
0x000000001e2aa000 	/System/Library/Frameworks/JavaVM.framework/Versions/A/JavaVM
0x000000001e2aa000 	/System/Library/Frameworks/Carbon.framework/Versions/A/Carbon
0x000000001e2aa000 	/System/Library/PrivateFrameworks/JavaLaunching.framework/Versions/A/JavaLaunching
0x000000001e2aa000 	/System/Library/Frameworks/Carbon.framework/Versions/A/Frameworks/CommonPanels.framework/Versions/A/CommonPanels
0x000000001e2aa000 	/System/Library/Frameworks/Carbon.framework/Versions/A/Frameworks/Help.framework/Versions/A/Help
0x000000001e2aa000 	/System/Library/Frameworks/Carbon.framework/Versions/A/Frameworks/ImageCapture.framework/Versions/A/ImageCapture
0x000000001e2aa000 	/System/Library/Frameworks/Carbon.framework/Versions/A/Frameworks/OpenScripting.framework/Versions/A/OpenScripting
0x000000001e2aa000 	/System/Library/Frameworks/Carbon.framework/Versions/A/Frameworks/Print.framework/Versions/A/Print
0x000000001e2aa000 	/System/Library/Frameworks/Carbon.framework/Versions/A/Frameworks/SecurityHI.framework/Versions/A/SecurityHI
0x000000010eb1d000 	/Library/Java/JavaVirtualMachines/jdk1.8.0_25.jdk/Contents/Home/jre/lib/libdt_socket.dylib

VM Arguments:
jvm_args: -agentlib:jdwp=transport=dt_socket,suspend=y,address=localhost:59678 -Dfile.encoding=UTF-8 -Xbootclasspath:/Library/Java/JavaVirtualMachines/jdk1.8.0_25.jdk/Contents/Home/jre/lib/resources.jar:/Library/Java/JavaVirtualMachines/jdk1.8.0_25.jdk/Contents/Home/jre/lib/rt.jar:/Library/Java/JavaVirtualMachines/jdk1.8.0_25.jdk/Contents/Home/jre/lib/jsse.jar:/Library/Java/JavaVirtualMachines/jdk1.8.0_25.jdk/Contents/Home/jre/lib/jce.jar:/Library/Java/JavaVirtualMachines/jdk1.8.0_25.jdk/Contents/Home/jre/lib/charsets.jar:/Library/Java/JavaVirtualMachines/jdk1.8.0_25.jdk/Contents/Home/jre/lib/jfr.jar 
java_command: biz.aQute.bnd.xmltoannotations.ConvertDSXmlToAnnotations
java_class_path (initial): /Users/aqute/.m2/repository/fr/inria/gforge/spoon/spoon-core/6.1.0/spoon-core-6.1.0.jar:/Users/aqute/.m2/repository/com/github/javaparser/javaparser-core/3.5.15/javaparser-core-3.5.15.jar:/Ws/bnd/cnf/cache/stable/Baseline/aQute.libg-3.5.0.201709291848.jar:/Users/aqute/.m2/repository/org/osgi/org.osgi.service.component.annotations/1.3.0/org.osgi.service.component.annotations-1.3.0.jar:/Ws/bnd/biz.aQute.bnd.xmltoannotations/bin
Launcher Type: SUN_STANDARD

Environment Variables:
PATH=/usr/bin:/bin:/usr/sbin:/sbin
SHELL=/bin/bash
DISPLAY=/private/tmp/com.apple.launchd.g9YJetgxCK/org.macosforge.xquartz:0

Signal Handlers:
SIGSEGV: [libjvm.dylib+0x579dc7], sa_mask[0]=11111111011111110111111111111111, sa_flags=SA_ONSTACK|SA_RESTART|SA_SIGINFO
SIGBUS: [libjvm.dylib+0x579dc7], sa_mask[0]=11111111011111110111111111111111, sa_flags=SA_RESTART|SA_SIGINFO
SIGFPE: [libjvm.dylib+0x45b030], sa_mask[0]=11111111011111110111111111111111, sa_flags=SA_RESTART|SA_SIGINFO
SIGPIPE: [libjvm.dylib+0x45b030], sa_mask[0]=11111111011111110111111111111111, sa_flags=SA_RESTART|SA_SIGINFO
SIGXFSZ: [libjvm.dylib+0x45b030], sa_mask[0]=11111111011111110111111111111111, sa_flags=SA_RESTART|SA_SIGINFO
SIGILL: [libjvm.dylib+0x45b030], sa_mask[0]=11111111011111110111111111111111, sa_flags=SA_RESTART|SA_SIGINFO
SIGUSR1: SIG_DFL, sa_mask[0]=00000000000000000000000000000000, sa_flags=none
SIGUSR2: [libjvm.dylib+0x45ab4e], sa_mask[0]=00100000000000000000000000000000, sa_flags=SA_RESTART|SA_SIGINFO
SIGHUP: [libjvm.dylib+0x459121], sa_mask[0]=11111111011111110111111111111111, sa_flags=SA_RESTART|SA_SIGINFO
SIGINT: [libjvm.dylib+0x459121], sa_mask[0]=11111111011111110111111111111111, sa_flags=SA_RESTART|SA_SIGINFO
SIGTERM: [libjvm.dylib+0x459121], sa_mask[0]=11111111011111110111111111111111, sa_flags=SA_RESTART|SA_SIGINFO
SIGQUIT: [libjvm.dylib+0x459121], sa_mask[0]=11111111011111110111111111111111, sa_flags=SA_RESTART|SA_SIGINFO


---------------  S Y S T E M  ---------------

OS:Bsduname:Darwin 17.3.0 Darwin Kernel Version 17.3.0: Thu Nov  9 18:09:22 PST 2017; root:xnu-4570.31.3~1/RELEASE_X86_64 x86_64
rlimit: STACK 8192k, CORE 0k, NPROC 1418, NOFILE 10240, AS infinity
load average:3.13 2.77 2.51

CPU:total 8 (4 cores per cpu, 2 threads per core) family 6 model 70 stepping 1, cmov, cx8, fxsr, mmx, sse, sse2, sse3, ssse3, sse4.1, sse4.2, popcnt, avx, avx2, aes, clmul, erms, rtm, lzcnt, ht, tsc, tscinvbit, bmi1, bmi2

Memory: 4k page, physical 16777216k(922704k free)

/proc/meminfo:


vm_info: Java HotSpot(TM) 64-Bit Server VM (25.25-b02) for bsd-amd64 JRE (1.8.0_25-b17), built on Sep 17 2014 16:56:50 by "java_re" with gcc 4.2.1 (Based on Apple Inc. build 5658) (LLVM build 2336.11.00)

time: Mon Feb 26 19:28:08 2018
elapsed time: 53 seconds (0d 0h 0m 53s)

